<?xml version="1.0" encoding="UTF-8"?>
<!-- Generated by org.testng.reporters.JUnitReportReporter -->
<testsuite skipped="0" hostname="DESKTOP-9J8UA3C" name="framework.Flipkart" tests="4" failures="0" timestamp="2019-12-05T15:25:07 IST" time="63.944" errors="0">
  <testcase name="orderIphone1" time="13.092" classname="framework.Flipkart"/>
  <testcase name="orderIphone2" time="13.674" classname="framework.Flipkart"/>
  <testcase name="orderIphone3" time="24.877" classname="framework.Flipkart"/>
  <testcase name="orderIphone" time="12.301" classname="framework.Flipkart"/>
</testsuite> <!-- framework.Flipkart -->
