<?xml version="1.0" encoding="UTF-8"?>
<!-- Generated by org.testng.reporters.JUnitReportReporter -->
<testsuite skipped="0" hostname="DESKTOP-9J8UA3C" name="framework.LoginOrangeHRM" tests="1" failures="0" timestamp="2019-10-24T21:53:27 IST" time="12.900" errors="0">
  <testcase name="loginToOrangeHRM" time="12.900" classname="framework.LoginOrangeHRM"/>
</testsuite> <!-- framework.LoginOrangeHRM -->
