<?xml version="1.0" encoding="UTF-8"?>
<!-- Generated by org.testng.reporters.JUnitReportReporter -->
<testsuite skipped="0" hostname="DESKTOP-9J8UA3C" name="framework.Flippkart" tests="1" failures="0" timestamp="2019-10-19T12:25:20 IST" time="29.197" errors="0">
  <testcase name="orderIphone" time="29.197" classname="framework.Flippkart"/>
</testsuite> <!-- framework.Flippkart -->
