<?xml version="1.0" encoding="UTF-8"?>
<!-- Generated by org.testng.reporters.JUnitReportReporter -->
<testsuite skipped="0" hostname="DESKTOP-9J8UA3C" name="sikuli.SikuliTest" tests="1" failures="0" timestamp="2019-10-18T21:52:34 IST" time="39.930" errors="0">
  <testcase name="LoginToGoogle" time="39.930" classname="sikuli.SikuliTest"/>
</testsuite> <!-- sikuli.SikuliTest -->
