<?xml version="1.0" encoding="UTF-8"?>
<!-- Generated by org.testng.reporters.JUnitReportReporter -->
<testsuite skipped="0" hostname="DESKTOP-9J8UA3C" name="excel.Find_Breaken_Links" tests="1" failures="0" timestamp="2019-10-18T21:06:16 IST" time="485.515" errors="0">
  <testcase name="findBreakenLinks" time="485.515" classname="excel.Find_Breaken_Links"/>
</testsuite> <!-- excel.Find_Breaken_Links -->
