<?xml version="1.0" encoding="UTF-8"?>
<!-- Generated by org.testng.reporters.JUnitReportReporter -->
<testsuite skipped="0" hostname="DESKTOP-9J8UA3C" name="extentreports.LaunchBrowsers" tests="2" failures="0" timestamp="2020-01-20T12:48:33 IST" time="14.744" errors="0">
  <testcase name="LaunchOutLook" time="6.794" classname="extentreports.LaunchBrowsers"/>
  <testcase name="LaunchGoogle" time="7.950" classname="extentreports.LaunchBrowsers"/>
</testsuite> <!-- extentreports.LaunchBrowsers -->
