<?xml version="1.0" encoding="UTF-8"?>
<!-- Generated by org.testng.reporters.JUnitReportReporter -->
<testsuite skipped="0" hostname="DESKTOP-9J8UA3C" name="excel.Find_Breaking_Links" tests="1" failures="0" timestamp="2019-10-17T22:28:12 IST" time="6.519" errors="0">
  <testcase name="findBreakingLinks" time="6.519" classname="excel.Find_Breaking_Links"/>
</testsuite> <!-- excel.Find_Breaking_Links -->
