<?xml version="1.0" encoding="UTF-8"?>
<!-- Generated by org.testng.reporters.JUnitReportReporter -->
<testsuite skipped="0" hostname="DESKTOP-9J8UA3C" name="extentreports.ExtentTest" tests="1" failures="0" timestamp="2020-01-20T11:59:55 IST" time="1.051" errors="0">
  <testcase name="testMethod" time="1.051" classname="extentreports.ExtentTest"/>
</testsuite> <!-- extentreports.ExtentTest -->
