<?xml version="1.0" encoding="UTF-8"?>
<!-- Generated by org.testng.reporters.JUnitReportReporter -->
<testsuite skipped="0" hostname="DESKTOP-9J8UA3C" name="excel.Read_Write_Data_Excel" tests="1" failures="0" timestamp="2019-11-02T10:12:18 IST" time="12.921" errors="0">
  <testcase name="launch" time="12.921" classname="excel.Read_Write_Data_Excel"/>
</testsuite> <!-- excel.Read_Write_Data_Excel -->
