<?xml version="1.0" encoding="UTF-8"?>
<!-- Generated by org.testng.reporters.JUnitReportReporter -->
<testsuite skipped="0" hostname="DESKTOP-9J8UA3C" name="framework.UtilityMethos" tests="2" failures="0" timestamp="2019-10-15T22:11:27 IST" time="0.015" errors="0">
  <testcase name="readDataFromJSONFile" time="0.015" classname="framework.UtilityMethos"/>
  <testcase name="writeDataIntoJSON" time="0.000" classname="framework.UtilityMethos"/>
</testsuite> <!-- framework.UtilityMethos -->
