<?xml version="1.0" encoding="UTF-8"?>
<!-- Generated by org.testng.reporters.JUnitReportReporter -->
<testsuite skipped="0" hostname="DESKTOP-9J8UA3C" name="log4j.Log4J_Test" tests="1" failures="0" timestamp="2019-10-22T20:12:36 IST" time="11.534" errors="0">
  <testcase name="validateTitle" time="11.534" classname="log4j.Log4J_Test"/>
</testsuite> <!-- log4j.Log4J_Test -->
