<?xml version="1.0" encoding="UTF-8"?>
<!-- Generated by org.testng.reporters.JUnitReportReporter -->
<testsuite skipped="0" hostname="DESKTOP-9J8UA3C" name="sikuli.SikuliTest" tests="1" failures="0" timestamp="2019-12-19T11:35:47 IST" time="66.492" errors="0">
  <testcase name="LoginToGoogle" time="66.492" classname="sikuli.SikuliTest"/>
</testsuite> <!-- sikuli.SikuliTest -->
