<?xml version="1.0" encoding="UTF-8"?>
<!-- Generated by org.testng.reporters.JUnitReportReporter -->
<testsuite skipped="0" hostname="DESKTOP-9J8UA3C" name="json.JSON_Test" tests="1" failures="0" timestamp="2019-10-22T18:16:41 IST" time="0.026" errors="0">
  <testcase name="readDataFromJSONFile" time="0.026" classname="json.JSON_Test"/>
</testsuite> <!-- json.JSON_Test -->
