<?xml version="1.0" encoding="UTF-8"?>
<!-- Generated by org.testng.reporters.JUnitReportReporter -->
<testsuite skipped="0" hostname="DESKTOP-9J8UA3C" name="extentreports.BasicExtentReports" tests="1" failures="0" timestamp="2019-12-19T22:29:43 IST" time="1.490" errors="0">
  <testcase name="loginTest" time="1.490" classname="extentreports.BasicExtentReports"/>
</testsuite> <!-- extentreports.BasicExtentReports -->
