<?xml version="1.0" encoding="UTF-8"?>
<!-- Generated by org.testng.reporters.JUnitReportReporter -->
<testsuite skipped="0" hostname="DESKTOP-9J8UA3C" name="extentreports.ExtentReportExample" tests="1" failures="0" timestamp="2019-10-31T11:33:54 IST" time="13.578" errors="0">
  <testcase name="googleSearch" time="13.578" classname="extentreports.ExtentReportExample"/>
</testsuite> <!-- extentreports.ExtentReportExample -->
