<?xml version="1.0" encoding="UTF-8"?>
<!-- Generated by org.testng.reporters.JUnitReportReporter -->
<testsuite skipped="0" hostname="DESKTOP-9J8UA3C" name="com.freecrm.qa.testcases.HomePageTest" tests="3" failures="0" timestamp="2019-11-13T22:38:46 IST" time="71.062" errors="0">
  <testcase name="verifyHomePageTitleTest" time="21.307" classname="com.freecrm.qa.testcases.HomePageTest"/>
  <testcase name="verifyCurrentUserName" time="25.613" classname="com.freecrm.qa.testcases.HomePageTest"/>
  <testcase name="clickOnContactsLinkTest" time="24.142" classname="com.freecrm.qa.testcases.HomePageTest"/>
</testsuite> <!-- com.freecrm.qa.testcases.HomePageTest -->
