<?xml version="1.0" encoding="UTF-8"?>
<!-- Generated by org.testng.reporters.JUnitReportReporter -->
<testsuite skipped="0" hostname="DESKTOP-9J8UA3C" name="com.freecrm.qa.testcases.LoginPageTest" tests="3" failures="0" timestamp="2019-11-21T18:16:58 IST" time="32.850" errors="0">
  <testcase name="loginPageTitleTest" time="7.457" classname="com.freecrm.qa.testcases.LoginPageTest"/>
  <testcase name="crmLogoTest" time="8.520" classname="com.freecrm.qa.testcases.LoginPageTest"/>
  <testcase name="loginTest" time="16.873" classname="com.freecrm.qa.testcases.LoginPageTest"/>
</testsuite> <!-- com.freecrm.qa.testcases.LoginPageTest -->
